-------------------------------------------------------------------------------
Test set: posjavahibernate.TesteHibernate
-------------------------------------------------------------------------------
Tests run: 4, Failures: 0, Errors: 1, Skipped: 0, Time elapsed: 2.379 s <<< FAILURE! - in posjavahibernate.TesteHibernate
testeUpdate(posjavahibernate.TesteHibernate)  Time elapsed: 0.055 s  <<< ERROR!
java.lang.NullPointerException: Cannot invoke "model.UsuarioPessoa.setNome(String)" because "pessoa" is null
	at posjavahibernate.TesteHibernate.testeUpdate(TesteHibernate.java:43)

